<?xml version="1.0" encoding="UTF-8"?>
<testng-results skipped="0" failed="2" ignored="5" total="14" passed="7">
  <reporter-output>
  </reporter-output>
  <suite name="multiple suites" duration-ms="0" started-at="2020-05-03T16:38:42Z" finished-at="2020-05-03T16:38:42Z">
    <groups>
    </groups>
  </suite> <!-- multiple suites -->
  <suite name="TestSomeMethods2" duration-ms="12" started-at="2020-05-03T16:38:42Z" finished-at="2020-05-03T16:38:42Z">
    <groups>
      <group name="operations">
        <method signature="CalcTest.CanMultiplyX()[pri:0, instance:com.xpand.java.CalcTest@6767c1fc]" name="CanMultiplyX" class="com.xpand.java.CalcTest"/>
        <method signature="CalcTest.CanSubtract()[pri:0, instance:com.xpand.java.CalcTest@6767c1fc]" name="CanSubtract" class="com.xpand.java.CalcTest"/>
      </group> <!-- operations -->
      <group name="functest">
        <method signature="CalcTest.CanSubtract()[pri:0, instance:com.xpand.java.CalcTest@6767c1fc]" name="CanSubtract" class="com.xpand.java.CalcTest"/>
      </group> <!-- functest -->
    </groups>
    <test name="calculator2" duration-ms="12" started-at="2020-05-03T16:38:42Z" finished-at="2020-05-03T16:38:42Z">
      <class name="com.xpand.java.CalcTest">
        <test-method status="PASS" signature="setUp()[pri:0, instance:com.xpand.java.CalcTest@6767c1fc]" name="setUp" is-config="true" duration-ms="0" started-at="2020-05-03T17:38:42Z" finished-at="2020-05-03T17:38:42Z">
          <reporter-output>
          </reporter-output>
        </test-method> <!-- setUp -->
        <test-method status="PASS" signature="CanAddNumbers()[pri:0, instance:com.xpand.java.CalcTest@6767c1fc]" name="CanAddNumbers" duration-ms="0" started-at="2020-05-03T17:38:42Z" finished-at="2020-05-03T17:38:42Z">
          <reporter-output>
          </reporter-output>
          <attributes>
<!--
            <attribute name="test">
              <![CDATA[CALC-2]]>
            </attribute> 
            <attribute name="requirement">
              <![CDATA[CALC-1234]]>
            </attribute> 
-->
            <attribute name="labels">
              <![CDATA[core addition]]>
            </attribute> <!-- labels -->
          </attributes>
        </test-method> <!-- CanAddNumbers -->
        <test-method status="FAIL" signature="CanAddNumbersFromGivenData(int, int, int)[pri:0, instance:com.xpand.java.CalcTest@6767c1fc]" name="CanAddNumbersFromGivenData" duration-ms="2" started-at="2020-05-03T17:38:42Z" data-provider="ValidDataProvider" finished-at="2020-05-03T17:38:42Z">
          <params>
            <param index="0">
              <value>
                <![CDATA[2]]>
              </value>
            </param>
            <param index="1">
              <value>
                <![CDATA[3]]>
              </value>
            </param>
            <param index="2">
              <value>
                <![CDATA[4]]>
              </value>
            </param>
          </params>
          <exception class="java.lang.AssertionError">
            <message>
              <![CDATA[expected [4] but found [5]]]>
            </message>
            <full-stacktrace>
              <![CDATA[java.lang.AssertionError: expected [4] but found [5]
	at org.testng.Assert.fail(Assert.java:93)
	at org.testng.Assert.failNotEquals(Assert.java:512)
	at org.testng.Assert.assertEqualsImpl(Assert.java:134)
	at org.testng.Assert.assertEquals(Assert.java:115)
	at org.testng.Assert.assertEquals(Assert.java:388)
	at org.testng.Assert.assertEquals(Assert.java:398)
	at com.xpand.java.CalcTest.CanAddNumbersFromGivenData(CalcTest.java:40)
	at sun.reflect.NativeMethodAccessorImpl.invoke0(Native Method)
	at sun.reflect.NativeMethodAccessorImpl.invoke(NativeMethodAccessorImpl.java:62)
	at sun.reflect.DelegatingMethodAccessorImpl.invoke(DelegatingMethodAccessorImpl.java:43)
	at java.lang.reflect.Method.invoke(Method.java:498)
	at org.testng.internal.MethodInvocationHelper.invokeMethod(MethodInvocationHelper.java:108)
	at org.testng.internal.Invoker.invokeMethod(Invoker.java:661)
	at org.testng.internal.Invoker.invokeTestMethod(Invoker.java:869)
	at org.testng.internal.Invoker.invokeTestMethods(Invoker.java:1193)
	at org.testng.internal.TestMethodWorker.invokeTestMethods(TestMethodWorker.java:126)
	at org.testng.internal.TestMethodWorker.run(TestMethodWorker.java:109)
	at org.testng.TestRunner.privateRun(TestRunner.java:744)
	at org.testng.TestRunner.run(TestRunner.java:602)
	at org.testng.SuiteRunner.runTest(SuiteRunner.java:380)
	at org.testng.SuiteRunner.runSequentially(SuiteRunner.java:375)
	at org.testng.SuiteRunner.privateRun(SuiteRunner.java:340)
	at org.testng.SuiteRunner.run(SuiteRunner.java:289)
	at org.testng.SuiteRunnerWorker.runSuite(SuiteRunnerWorker.java:52)
	at org.testng.SuiteRunnerWorker.run(SuiteRunnerWorker.java:86)
	at org.testng.TestNG.runSuitesSequentially(TestNG.java:1301)
	at org.testng.TestNG.runSuitesSequentially(TestNG.java:1297)
	at org.testng.TestNG.runSuitesLocally(TestNG.java:1226)
	at org.testng.TestNG.runSuites(TestNG.java:1144)
	at org.testng.TestNG.run(TestNG.java:1115)
	at org.apache.maven.surefire.testng.TestNGExecutor.run(TestNGExecutor.java:283)
	at org.apache.maven.surefire.testng.TestNGXmlTestSuite.execute(TestNGXmlTestSuite.java:75)
	at org.apache.maven.surefire.testng.TestNGProvider.invoke(TestNGProvider.java:120)
	at org.apache.maven.surefire.booter.ForkedBooter.invokeProviderInSameClassLoader(ForkedBooter.java:373)
	at org.apache.maven.surefire.booter.ForkedBooter.runSuitesInProcess(ForkedBooter.java:334)
	at org.apache.maven.surefire.booter.ForkedBooter.execute(ForkedBooter.java:119)
	at org.apache.maven.surefire.booter.ForkedBooter.main(ForkedBooter.java:407)
]]>
            </full-stacktrace>
          </exception> <!-- java.lang.AssertionError -->
          <reporter-output>
          </reporter-output>
          <attributes>
<!--
            <attribute name="test">
              <![CDATA[CALC-1]]>
            </attribute>
            <attribute name="requirement">
              <![CDATA[CALC-1234]]>
            </attribute>
-->
            <attribute name="labels">
              <![CDATA[]]>
            </attribute> <!-- labels -->
          </attributes>
        </test-method> <!-- CanAddNumbersFromGivenData -->
        <test-method status="PASS" signature="CanAddNumbersFromGivenData(int, int, int)[pri:0, instance:com.xpand.java.CalcTest@6767c1fc]" name="CanAddNumbersFromGivenData" duration-ms="0" started-at="2020-05-03T17:38:42Z" data-provider="ValidDataProvider" finished-at="2020-05-03T17:38:42Z">
          <params>
            <param index="0">
              <value>
                <![CDATA[1]]>
              </value>
            </param>
            <param index="1">
              <value>
                <![CDATA[2]]>
              </value>
            </param>
            <param index="2">
              <value>
                <![CDATA[3]]>
              </value>
            </param>
          </params>
          <reporter-output>
          </reporter-output>
          <attributes>
<!--
            <attribute name="test">
              <![CDATA[CALC-1]]>
            </attribute>
            <attribute name="requirement">
              <![CDATA[CALC-1234]]>
            </attribute>
-->
            <attribute name="labels">
              <![CDATA[]]>
            </attribute> <!-- labels -->
          </attributes>
        </test-method> <!-- CanAddNumbersFromGivenData -->
        <test-method status="PASS" signature="CanAddNumbersFromGivenData(int, int, int)[pri:0, instance:com.xpand.java.CalcTest@6767c1fc]" name="CanAddNumbersFromGivenData" duration-ms="0" started-at="2020-05-03T17:38:42Z" data-provider="ValidDataProvider" finished-at="2020-05-03T17:38:42Z">
          <params>
            <param index="0">
              <value>
                <![CDATA[-1]]>
              </value>
            </param>
            <param index="1">
              <value>
                <![CDATA[1]]>
              </value>
            </param>
            <param index="2">
              <value>
                <![CDATA[0]]>
              </value>
            </param>
          </params>
          <reporter-output>
          </reporter-output>
          <attributes>
<!--
            <attribute name="test">
              <![CDATA[CALC-1]]>
            </attribute>
            <attribute name="requirement">
              <![CDATA[CALC-1234]]>
            </attribute> 
-->
            <attribute name="labels">
              <![CDATA[]]>
            </attribute> <!-- labels -->
          </attributes>
        </test-method> <!-- CanAddNumbersFromGivenData -->
        <test-method status="PASS" signature="CanDivide()[pri:0, instance:com.xpand.java.CalcTest@6767c1fc]" name="CanDivide" duration-ms="0" started-at="2020-05-03T17:38:42Z" finished-at="2020-05-03T17:38:42Z">
          <reporter-output>
          </reporter-output>
          <attributes>
<!--
            <attribute name="test">
              <![CDATA[]]>
            </attribute>
            <attribute name="requirement">
              <![CDATA[CALC-1237]]>
            </attribute>
-->
            <attribute name="labels">
              <![CDATA[]]>
            </attribute> <!-- labels -->
          </attributes>
        </test-method> <!-- CanDivide -->
        <test-method status="FAIL" signature="CanDoStuff()[pri:0, instance:com.xpand.java.CalcTest@6767c1fc]" name="CanDoStuff" duration-ms="0" started-at="2020-05-03T17:38:42Z" finished-at="2020-05-03T17:38:42Z">
          <exception class="java.lang.AssertionError">
            <message>
              <![CDATA[null]]>
            </message>
            <full-stacktrace>
              <![CDATA[java.lang.AssertionError: null
	at org.testng.Assert.fail(Assert.java:93)
	at org.testng.Assert.assertNotEquals(Assert.java:897)
	at org.testng.Assert.assertNotEquals(Assert.java:902)
	at com.xpand.java.CalcTest.CanDoStuff(CalcTest.java:86)
	at sun.reflect.NativeMethodAccessorImpl.invoke0(Native Method)
	at sun.reflect.NativeMethodAccessorImpl.invoke(NativeMethodAccessorImpl.java:62)
	at sun.reflect.DelegatingMethodAccessorImpl.invoke(DelegatingMethodAccessorImpl.java:43)
	at java.lang.reflect.Method.invoke(Method.java:498)
	at org.testng.internal.MethodInvocationHelper.invokeMethod(MethodInvocationHelper.java:108)
	at org.testng.internal.Invoker.invokeMethod(Invoker.java:661)
	at org.testng.internal.Invoker.invokeTestMethod(Invoker.java:869)
	at org.testng.internal.Invoker.invokeTestMethods(Invoker.java:1193)
	at org.testng.internal.TestMethodWorker.invokeTestMethods(TestMethodWorker.java:126)
	at org.testng.internal.TestMethodWorker.run(TestMethodWorker.java:109)
	at org.testng.TestRunner.privateRun(TestRunner.java:744)
	at org.testng.TestRunner.run(TestRunner.java:602)
	at org.testng.SuiteRunner.runTest(SuiteRunner.java:380)
	at org.testng.SuiteRunner.runSequentially(SuiteRunner.java:375)
	at org.testng.SuiteRunner.privateRun(SuiteRunner.java:340)
	at org.testng.SuiteRunner.run(SuiteRunner.java:289)
	at org.testng.SuiteRunnerWorker.runSuite(SuiteRunnerWorker.java:52)
	at org.testng.SuiteRunnerWorker.run(SuiteRunnerWorker.java:86)
	at org.testng.TestNG.runSuitesSequentially(TestNG.java:1301)
	at org.testng.TestNG.runSuitesSequentially(TestNG.java:1297)
	at org.testng.TestNG.runSuitesLocally(TestNG.java:1226)
	at org.testng.TestNG.runSuites(TestNG.java:1144)
	at org.testng.TestNG.run(TestNG.java:1115)
	at org.apache.maven.surefire.testng.TestNGExecutor.run(TestNGExecutor.java:283)
	at org.apache.maven.surefire.testng.TestNGXmlTestSuite.execute(TestNGXmlTestSuite.java:75)
	at org.apache.maven.surefire.testng.TestNGProvider.invoke(TestNGProvider.java:120)
	at org.apache.maven.surefire.booter.ForkedBooter.invokeProviderInSameClassLoader(ForkedBooter.java:373)
	at org.apache.maven.surefire.booter.ForkedBooter.runSuitesInProcess(ForkedBooter.java:334)
	at org.apache.maven.surefire.booter.ForkedBooter.execute(ForkedBooter.java:119)
	at org.apache.maven.surefire.booter.ForkedBooter.main(ForkedBooter.java:407)
]]>
            </full-stacktrace>
          </exception> <!-- java.lang.AssertionError -->
          <reporter-output>
          </reporter-output>
        </test-method> <!-- CanDoStuff -->
        <test-method groups="operations" status="PASS" signature="CanMultiplyX()[pri:0, instance:com.xpand.java.CalcTest@6767c1fc]" name="CanMultiplyX" duration-ms="0" started-at="2020-05-03T17:38:42Z" finished-at="2020-05-03T17:38:42Z">
          <reporter-output>
          </reporter-output>
          <attributes>
<!--
            <attribute name="test">
              <![CDATA[]]>
            </attribute>
            <attribute name="requirement">
              <![CDATA[CALC-1236]]>
            </attribute>
-->
            <attribute name="labels">
              <![CDATA[]]>
            </attribute> <!-- labels -->
          </attributes>
        </test-method> <!-- CanMultiplyX -->
        <test-method groups="operations, functest" status="PASS" signature="CanSubtract()[pri:0, instance:com.xpand.java.CalcTest@6767c1fc]" name="CanSubtract" duration-ms="0" started-at="2020-05-03T17:38:42Z" finished-at="2020-05-03T17:38:42Z">
          <reporter-output>
          </reporter-output>
          <attributes>
<!--
            <attribute name="test">
              <![CDATA[]]>
            </attribute>
            <attribute name="requirement">
              <![CDATA[CALC-1235]]>
            </attribute>
-->
            <attribute name="labels">
              <![CDATA[core]]>
            </attribute> <!-- labels -->
          </attributes>
        </test-method> <!-- CanSubtract -->
        <test-method status="PASS" signature="tearDown()[pri:0, instance:com.xpand.java.CalcTest@6767c1fc]" name="tearDown" is-config="true" duration-ms="1" started-at="2020-05-03T17:38:42Z" finished-at="2020-05-03T17:38:42Z">
          <reporter-output>
          </reporter-output>
        </test-method> <!-- tearDown -->
      </class> <!-- com.xpand.java.CalcTest -->
    </test> <!-- calculator2 -->
  </suite> <!-- TestSomeMethods2 -->
  <suite name="TestSomeMethods" duration-ms="10" started-at="2020-05-03T16:38:42Z" finished-at="2020-05-03T16:38:42Z">
    <groups>
    </groups>
    <test name="calculator" duration-ms="10" started-at="2020-05-03T16:38:42Z" finished-at="2020-05-03T16:38:42Z">
      <class name="com.xpand.java.CalcTest">
        <test-method status="PASS" signature="setUp()[pri:0, instance:com.xpand.java.CalcTest@62ee68d8]" name="setUp" is-config="true" duration-ms="4" started-at="2020-05-03T17:38:42Z" finished-at="2020-05-03T17:38:42Z">
          <reporter-output>
          </reporter-output>
        </test-method> <!-- setUp -->
        <test-method status="PASS" signature="CanAddNumbers()[pri:0, instance:com.xpand.java.CalcTest@62ee68d8]" name="CanAddNumbers" duration-ms="3" started-at="2020-05-03T17:38:42Z" finished-at="2020-05-03T17:38:42Z">
          <reporter-output>
          </reporter-output>
          <attributes>
<!--
            <attribute name="test">
              <![CDATA[CALC-2]]>
            </attribute>
            <attribute name="requirement">
              <![CDATA[CALC-1234]]>
            </attribute>
-->
            <attribute name="labels">
              <![CDATA[core addition]]>
            </attribute> <!-- labels -->
          </attributes>
        </test-method> <!-- CanAddNumbers -->
        <test-method status="PASS" signature="tearDown()[pri:0, instance:com.xpand.java.CalcTest@62ee68d8]" name="tearDown" is-config="true" duration-ms="1" started-at="2020-05-03T17:38:42Z" finished-at="2020-05-03T17:38:42Z">
          <reporter-output>
          </reporter-output>
        </test-method> <!-- tearDown -->
      </class> <!-- com.xpand.java.CalcTest -->
    </test> <!-- calculator -->
  </suite> <!-- TestSomeMethods -->
</testng-results>
